<?xml version="1.0" encoding="UTF-8"?>
<!-- Generated by org.testng.reporters.JUnitXMLReporter -->
<testsuite ignored="0" hostname="RSB" failures="0" tests="6" name="Command line test" time="95.765" errors="0" timestamp="11 May 2023 12:29:27 GMT">
  <testcase classname="com.pond.test.AppTest" name="CreatePondDisplayTest" time="9.524"/>
  <testcase classname="com.pond.test.AppTest" name="createFish" time="10.109"/>
  <testcase classname="com.pond.test.AppTest" name="deleteFish" time="39.881"/>
  <testcase classname="com.pond.test.AppTest" name="deletePond" time="9.863"/>
  <testcase classname="com.pond.test.AppTest" name="updateFish" time="13.109"/>
  <testcase classname="com.pond.test.AppTest" name="updatePond" time="10.315"/>
</testsuite> <!-- Command line test -->
