<?xml version="1.0" encoding="UTF-8"?>
<testng-results ignored="0" total="6" passed="6" failed="0" skipped="0">
  <reporter-output>
  </reporter-output>
  <suite started-at="2023-05-11T12:27:51Z" name="com.pond.test.AppTest" finished-at="2023-05-11T12:29:27Z" duration-ms="95765">
    <groups>
    </groups>
    <test started-at="2023-05-11T12:27:51Z" name="Command line test" finished-at="2023-05-11T12:29:27Z" duration-ms="95765">
      <class name="com.pond.test.AppTest">
        <test-method is-config="true" signature="countAndstorePonds()[pri:0, instance:com.pond.test.AppTest@48a242ce]" started-at="2023-05-11T08:27:51Z" name="countAndstorePonds" finished-at="2023-05-11T08:27:54Z" duration-ms="2492" status="PASS">
          <reporter-output>
          </reporter-output>
        </test-method> <!-- countAndstorePonds -->
        <test-method is-config="true" signature="backToHomeScreen()[pri:0, instance:com.pond.test.AppTest@48a242ce]" started-at="2023-05-11T08:27:54Z" name="backToHomeScreen" finished-at="2023-05-11T08:27:54Z" duration-ms="33" status="PASS">
          <reporter-output>
          </reporter-output>
        </test-method> <!-- backToHomeScreen -->
        <test-method signature="CreatePondDisplayTest()[pri:0, instance:com.pond.test.AppTest@48a242ce]" started-at="2023-05-11T08:27:54Z" name="CreatePondDisplayTest" finished-at="2023-05-11T08:28:03Z" duration-ms="9524" status="PASS">
          <reporter-output>
          </reporter-output>
        </test-method> <!-- CreatePondDisplayTest -->
        <test-method is-config="true" signature="backToHomeScreen()[pri:0, instance:com.pond.test.AppTest@48a242ce]" started-at="2023-05-11T08:28:03Z" name="backToHomeScreen" finished-at="2023-05-11T08:28:03Z" duration-ms="18" status="PASS">
          <reporter-output>
          </reporter-output>
        </test-method> <!-- backToHomeScreen -->
        <test-method signature="createFish()[pri:0, instance:com.pond.test.AppTest@48a242ce]" started-at="2023-05-11T08:28:03Z" name="createFish" finished-at="2023-05-11T08:28:14Z" duration-ms="10109" status="PASS">
          <reporter-output>
          </reporter-output>
        </test-method> <!-- createFish -->
        <test-method is-config="true" signature="backToHomeScreen()[pri:0, instance:com.pond.test.AppTest@48a242ce]" started-at="2023-05-11T08:28:14Z" name="backToHomeScreen" finished-at="2023-05-11T08:28:14Z" duration-ms="47" status="PASS">
          <reporter-output>
          </reporter-output>
        </test-method> <!-- backToHomeScreen -->
        <test-method signature="deleteFish()[pri:0, instance:com.pond.test.AppTest@48a242ce]" started-at="2023-05-11T08:28:14Z" name="deleteFish" finished-at="2023-05-11T08:28:54Z" duration-ms="39881" status="PASS">
          <reporter-output>
          </reporter-output>
        </test-method> <!-- deleteFish -->
        <test-method is-config="true" signature="backToHomeScreen()[pri:0, instance:com.pond.test.AppTest@48a242ce]" started-at="2023-05-11T08:28:54Z" name="backToHomeScreen" finished-at="2023-05-11T08:28:54Z" duration-ms="45" status="PASS">
          <reporter-output>
          </reporter-output>
        </test-method> <!-- backToHomeScreen -->
        <test-method signature="deletePond()[pri:0, instance:com.pond.test.AppTest@48a242ce]" started-at="2023-05-11T08:28:54Z" name="deletePond" finished-at="2023-05-11T08:29:03Z" duration-ms="9863" status="PASS">
          <reporter-output>
          </reporter-output>
        </test-method> <!-- deletePond -->
        <test-method is-config="true" signature="backToHomeScreen()[pri:0, instance:com.pond.test.AppTest@48a242ce]" started-at="2023-05-11T08:29:03Z" name="backToHomeScreen" finished-at="2023-05-11T08:29:03Z" duration-ms="31" status="PASS">
          <reporter-output>
          </reporter-output>
        </test-method> <!-- backToHomeScreen -->
        <test-method signature="updateFish()[pri:0, instance:com.pond.test.AppTest@48a242ce]" started-at="2023-05-11T08:29:03Z" name="updateFish" finished-at="2023-05-11T08:29:17Z" duration-ms="13109" status="PASS">
          <reporter-output>
          </reporter-output>
        </test-method> <!-- updateFish -->
        <test-method is-config="true" signature="backToHomeScreen()[pri:0, instance:com.pond.test.AppTest@48a242ce]" started-at="2023-05-11T08:29:17Z" name="backToHomeScreen" finished-at="2023-05-11T08:29:17Z" duration-ms="38" status="PASS">
          <reporter-output>
          </reporter-output>
        </test-method> <!-- backToHomeScreen -->
        <test-method signature="updatePond()[pri:0, instance:com.pond.test.AppTest@48a242ce]" started-at="2023-05-11T08:29:17Z" name="updatePond" finished-at="2023-05-11T08:29:27Z" duration-ms="10315" status="PASS">
          <reporter-output>
          </reporter-output>
        </test-method> <!-- updatePond -->
        <test-method is-config="true" signature="quitDriver()[pri:0, instance:com.pond.test.AppTest@48a242ce]" started-at="2023-05-11T08:29:27Z" name="quitDriver" finished-at="2023-05-11T08:29:27Z" duration-ms="249" status="PASS">
          <reporter-output>
          </reporter-output>
        </test-method> <!-- quitDriver -->
      </class> <!-- com.pond.test.AppTest -->
    </test> <!-- Command line test -->
  </suite> <!-- com.pond.test.AppTest -->
</testng-results>
