<?xml version="1.0" encoding="UTF-8" ?>
<testsuite tests="6" failures="0" name="com.pond.test.AppTest" time="92.801" errors="0" skipped="0">
  <properties>
[...]
</properties>
  <testcase classname="com.pond.test.AppTest" name="CreatePondDisplayTest" time="9.525"/>
  <testcase classname="com.pond.test.AppTest" name="createFish" time="10.108"/>
  <testcase classname="com.pond.test.AppTest" name="deleteFish" time="39.881"/>
  <testcase classname="com.pond.test.AppTest" name="deletePond" time="9.864"/>
  <testcase classname="com.pond.test.AppTest" name="updateFish" time="13.109"/>
  <testcase classname="com.pond.test.AppTest" name="updatePond" time="10.314"/>
</testsuite>